[0m22:00:22.778472 [debug] [MainThread]: Sending event: {'category': 'dbt', 'action': 'invocation', 'label': 'start', 'context': [<snowplow_tracker.self_describing_json.SelfDescribingJson object at 0x00000209F1FA9550>, <snowplow_tracker.self_describing_json.SelfDescribingJson object at 0x00000209F41E3ED0>, <snowplow_tracker.self_describing_json.SelfDescribingJson object at 0x00000209F41E3B10>]}


============================== 22:00:22.870464 | ab734603-9faf-46fe-8870-78202e9b1de5 ==============================
[0m22:00:22.870464 [info ] [MainThread]: Running with dbt=1.11.4
[0m22:00:22.871185 [debug] [MainThread]: running dbt with arguments {'version_check': 'True', 'no_print': 'None', 'static_parser': 'True', 'target_path': 'None', 'warn_error_options': 'WarnErrorOptionsV2(error=[], warn=[], silence=[])', 'printer_width': '80', 'write_json': 'True', 'introspect': 'True', 'log_cache_events': 'False', 'empty': 'None', 'cache_selected_only': 'False', 'fail_fast': 'False', 'debug': 'False', 'log_format': 'default', 'partial_parse': 'True', 'send_anonymous_usage_stats': 'True', 'quiet': 'False', 'warn_error': 'None', 'profiles_dir': 'C:\\Users\\Acer\\.dbt', 'use_colors': 'True', 'indirect_selection': 'eager', 'invocation_command': 'dbt init taxi_rides_ny', 'use_experimental_parser': 'False', 'log_path': 'logs'}
[0m22:00:22.931115 [info ] [MainThread]: Creating dbt configuration folder at C:\Users\Acer\.dbt
[0m22:00:22.933156 [debug] [MainThread]: Starter project path: D:\duckDb\venv\Lib\site-packages\dbt\include\starter_project
[0m22:00:22.969544 [info ] [MainThread]: 
Your new dbt project "taxi_rides_ny" was created!

For more information on how to configure the profiles.yml file,
please consult the dbt documentation here:

  https://docs.getdbt.com/docs/configure-your-profile

One more thing:

Need help? Don't hesitate to reach out to us via GitHub issues or on Slack:

  https://community.getdbt.com/

Happy modeling!

[0m22:00:22.970715 [info ] [MainThread]: Setting up your profile.
[0m22:00:34.389831 [info ] [MainThread]: Profile taxi_rides_ny written to C:\Users\Acer\.dbt\profiles.yml using target's sample configuration. Once updated, you'll be able to start developing with dbt.
[0m22:00:34.390984 [debug] [MainThread]: Command `dbt init` succeeded at 22:00:34.390862 after 11.77 seconds
[0m22:00:34.391340 [debug] [MainThread]: Sending event: {'category': 'dbt', 'action': 'invocation', 'label': 'end', 'context': [<snowplow_tracker.self_describing_json.SelfDescribingJson object at 0x00000209F41E7820>, <snowplow_tracker.self_describing_json.SelfDescribingJson object at 0x00000209F2A483B0>, <snowplow_tracker.self_describing_json.SelfDescribingJson object at 0x00000209F41FF570>]}
[0m22:00:34.391721 [debug] [MainThread]: Flushing usage events
[0m22:00:35.748261 [debug] [MainThread]: An error was encountered while trying to flush usage events
